d:\backup\autonomous_landing\qtguiapplication1\qtguiapplication1\x64\debug\multiwindow.obj
d:\backup\autonomous_landing\qtguiapplication1\qtguiapplication1\x64\debug\locdatabase.obj
d:\backup\autonomous_landing\qtguiapplication1\qtguiapplication1\x64\debug\qcustomplot.obj
d:\backup\autonomous_landing\qtguiapplication1\qtguiapplication1\x64\debug\dem_update.obj
d:\backup\autonomous_landing\qtguiapplication1\qtguiapplication1\x64\debug\main.obj
d:\backup\autonomous_landing\qtguiapplication1\qtguiapplication1\x64\debug\lookahead_alert.obj
d:\backup\autonomous_landing\qtguiapplication1\qtguiapplication1\x64\debug\communication.obj
d:\backup\autonomous_landing\qtguiapplication1\qtguiapplication1\x64\debug\vc140.pdb
d:\backup\autonomous_landing\qtguiapplication1\qtguiapplication1\x64\debug\qrc_multiwindow.obj
d:\backup\autonomous_landing\qtguiapplication1\qtguiapplication1\x64\debug\moc_multiwindow.obj
d:\backup\autonomous_landing\qtguiapplication1\qtguiapplication1\x64\debug\moc_dem_update.obj
d:\backup\autonomous_landing\qtguiapplication1\qtguiapplication1\x64\debug\moc_communication.obj
d:\backup\autonomous_landing\qtguiapplication1\qtguiapplication1\x64\debug\moc_lookahead_alert.obj
d:\backup\autonomous_landing\qtguiapplication1\qtguiapplication1\x64\debug\moc_qcustomplot.obj
d:\backup\autonomous_landing\qtguiapplication1\qtguiapplication1\x64\debug\moc_locdatabase.obj
d:\backup\autonomous_landing\qtguiapplication1\qtguiapplication1\.\generatedfiles\debug\moc_multiwindow.cpp
d:\backup\autonomous_landing\qtguiapplication1\qtguiapplication1\.\generatedfiles\debug\moc_lookahead_alert.cpp
d:\backup\autonomous_landing\qtguiapplication1\qtguiapplication1\.\generatedfiles\debug\moc_qcustomplot.cpp
d:\backup\autonomous_landing\qtguiapplication1\qtguiapplication1\.\generatedfiles\debug\moc_communication.cpp
d:\backup\autonomous_landing\qtguiapplication1\qtguiapplication1\.\generatedfiles\debug\moc_dem_update.cpp
d:\backup\autonomous_landing\qtguiapplication1\qtguiapplication1\.\generatedfiles\debug\moc_locdatabase.cpp
d:\backup\autonomous_landing\qtguiapplication1\qtguiapplication1\generatedfiles\ui_multiwindow.h
d:\backup\autonomous_landing\qtguiapplication1\qtguiapplication1\generatedfiles\qrc_multiwindow.cpp
d:\backup\autonomous_landing\qtguiapplication1\qtguiapplication1\generatedfiles\debug\moc_multiwindow.cpp
d:\backup\autonomous_landing\qtguiapplication1\qtguiapplication1\generatedfiles\debug\moc_lookahead_alert.cpp
d:\backup\autonomous_landing\qtguiapplication1\qtguiapplication1\generatedfiles\debug\moc_qcustomplot.cpp
d:\backup\autonomous_landing\qtguiapplication1\qtguiapplication1\generatedfiles\debug\moc_communication.cpp
d:\backup\autonomous_landing\qtguiapplication1\qtguiapplication1\generatedfiles\debug\moc_dem_update.cpp
d:\backup\autonomous_landing\qtguiapplication1\qtguiapplication1\generatedfiles\debug\moc_locdatabase.cpp
d:\backup\autonomous_landing\qtguiapplication1\qtguiapplication1\.\generatedfiles\qrc_multiwindow.cpp
d:\backup\autonomous_landing\qtguiapplication1\qtguiapplication1\.\generatedfiles\ui_multiwindow.h
d:\backup\autonomous_landing\qtguiapplication1\x64\debug\qtguiapplication1.pdb
d:\backup\autonomous_landing\qtguiapplication1\qtguiapplication1\x64\debug\qtguiapp.b12702ad.tlog\cl.command.1.tlog
d:\backup\autonomous_landing\qtguiapplication1\qtguiapplication1\x64\debug\qtguiapp.b12702ad.tlog\cl.read.1.tlog
d:\backup\autonomous_landing\qtguiapplication1\qtguiapplication1\x64\debug\qtguiapp.b12702ad.tlog\cl.write.1.tlog
d:\backup\autonomous_landing\qtguiapplication1\qtguiapplication1\x64\debug\qtguiapp.b12702ad.tlog\link.6588.read.1.tlog
d:\backup\autonomous_landing\qtguiapplication1\qtguiapplication1\x64\debug\qtguiapp.b12702ad.tlog\link.6588.write.1.tlog
d:\backup\autonomous_landing\qtguiapplication1\qtguiapplication1\x64\debug\qtguiapp.b12702ad.tlog\link.command.1.tlog
d:\backup\autonomous_landing\qtguiapplication1\qtguiapplication1\x64\debug\qtguiapp.b12702ad.tlog\link.read.1.tlog
d:\backup\autonomous_landing\qtguiapplication1\qtguiapplication1\x64\debug\qtguiapp.b12702ad.tlog\link.write.1.tlog
d:\backup\autonomous_landing\qtguiapplication1\qtguiapplication1\x64\debug\qtguiapp.b12702ad.tlog\moc.read.1u.tlog
d:\backup\autonomous_landing\qtguiapplication1\qtguiapplication1\x64\debug\qtguiapp.b12702ad.tlog\moc.write.1u.tlog
d:\backup\autonomous_landing\qtguiapplication1\qtguiapplication1\x64\debug\qtguiapp.b12702ad.tlog\qtguiapplication1.write.1u.tlog
d:\backup\autonomous_landing\qtguiapplication1\qtguiapplication1\x64\debug\qtguiapp.b12702ad.tlog\rcc.read.1u.tlog
d:\backup\autonomous_landing\qtguiapplication1\qtguiapplication1\x64\debug\qtguiapp.b12702ad.tlog\rcc.write.1u.tlog
d:\backup\autonomous_landing\qtguiapplication1\qtguiapplication1\x64\debug\qtguiapp.b12702ad.tlog\uic.read.1u.tlog
d:\backup\autonomous_landing\qtguiapplication1\qtguiapplication1\x64\debug\qtguiapp.b12702ad.tlog\uic.write.1u.tlog
